app/build/intermediates/manifest_merge_blame_file/debug/manifest-merger-blame-debug-report.txt
1<?xml version="1.0" encoding="utf-8"?>
2<manifest xmlns:android="http://schemas.android.com/apk/res/android"
3    package="com.example.shaki.newlogin"
4    android:versionCode="1"
5    android:versionName="1.0" >
6
7    <uses-sdk
8        android:minSdkVersion="21"
8-->src\main\AndroidManifest.xml
9        android:targetSdkVersion="28" />
9-->src\main\AndroidManifest.xml
10
11    <uses-permission android:name="android.permission.INTERNET" />
11-->src\main\AndroidManifest.xml:6:5-67
11-->src\main\AndroidManifest.xml:6:22-64
12    <uses-permission android:name="android.permission.ACCESS_NETWORK_STATE" />
12-->[com.google.firebase:firebase-auth:20.0.2] AndroidManifest.xml:24:5-79
12-->[com.google.firebase:firebase-auth:20.0.2] AndroidManifest.xml:24:22-76
13    <uses-permission android:name="android.permission.WAKE_LOCK" />
13-->[com.google.android.gms:play-services-measurement-api:18.0.2] AndroidManifest.xml:24:5-68
13-->[com.google.android.gms:play-services-measurement-api:18.0.2] AndroidManifest.xml:24:22-65
14    <uses-permission android:name="com.google.android.finsky.permission.BIND_GET_INSTALL_REFERRER_SERVICE" />
14-->[com.google.android.gms:play-services-measurement:18.0.2] AndroidManifest.xml:26:5-110
14-->[com.google.android.gms:play-services-measurement:18.0.2] AndroidManifest.xml:26:22-107
15
16    <application
16-->src\main\AndroidManifest.xml:8:5-30:19
17        android:allowBackup="true"
17-->src\main\AndroidManifest.xml:9:9-35
18        android:appComponentFactory="androidx.core.app.CoreComponentFactory"
18-->[androidx.core:core:1.3.1] AndroidManifest.xml:24:18-86
19        android:debuggable="true"
20        android:icon="@mipmap/ic_launcher"
20-->src\main\AndroidManifest.xml:10:9-43
21        android:label="@string/app_name"
21-->src\main\AndroidManifest.xml:11:9-41
22        android:roundIcon="@mipmap/ic_launcher_round"
22-->src\main\AndroidManifest.xml:12:9-54
23        android:supportsRtl="true"
23-->src\main\AndroidManifest.xml:13:9-35
24        android:testOnly="true"
25        android:theme="@style/AppTheme" >
25-->src\main\AndroidManifest.xml:14:9-40
26        <activity android:name="com.example.shaki.newlogin.ExpenseActivity" />
26-->src\main\AndroidManifest.xml:15:9-62
26-->src\main\AndroidManifest.xml:15:19-50
27        <activity android:name="com.example.shaki.newlogin.WeatherActivity" />
27-->src\main\AndroidManifest.xml:16:9-53
27-->src\main\AndroidManifest.xml:16:19-50
28        <activity android:name="com.example.shaki.newlogin.UplodeTourMomentActivity" />
28-->src\main\AndroidManifest.xml:17:9-62
28-->src\main\AndroidManifest.xml:17:19-59
29        <activity android:name="com.example.shaki.newlogin.TourMomentActivity" />
29-->src\main\AndroidManifest.xml:18:9-56
29-->src\main\AndroidManifest.xml:18:19-53
30        <activity android:name="com.example.shaki.newlogin.TourHistoryActivity" />
30-->src\main\AndroidManifest.xml:19:9-57
30-->src\main\AndroidManifest.xml:19:19-54
31        <activity android:name="com.example.shaki.newlogin.MainActivity" >
31-->src\main\AndroidManifest.xml:20:9-26:20
31-->src\main\AndroidManifest.xml:20:19-47
32            <intent-filter>
32-->src\main\AndroidManifest.xml:21:13-25:29
33                <action android:name="android.intent.action.MAIN" />
33-->src\main\AndroidManifest.xml:22:17-69
33-->src\main\AndroidManifest.xml:22:25-66
34
35                <category android:name="android.intent.category.LAUNCHER" />
35-->src\main\AndroidManifest.xml:24:17-77
35-->src\main\AndroidManifest.xml:24:27-74
36            </intent-filter>
37        </activity>
38        <activity android:name="com.example.shaki.newlogin.SignupActivity" />
38-->src\main\AndroidManifest.xml:27:9-52
38-->src\main\AndroidManifest.xml:27:19-49
39        <activity android:name="com.example.shaki.newlogin.TourActivity" />
39-->src\main\AndroidManifest.xml:28:9-50
39-->src\main\AndroidManifest.xml:28:19-47
40        <activity android:name="com.example.shaki.newlogin.TourInfoActivity" />
40-->src\main\AndroidManifest.xml:29:9-54
40-->src\main\AndroidManifest.xml:29:19-51
41        <activity
41-->[com.google.firebase:firebase-auth:20.0.2] AndroidManifest.xml:27:9-44:20
42            android:name="com.google.firebase.auth.internal.GenericIdpActivity"
42-->[com.google.firebase:firebase-auth:20.0.2] AndroidManifest.xml:28:13-80
43            android:excludeFromRecents="true"
43-->[com.google.firebase:firebase-auth:20.0.2] AndroidManifest.xml:29:13-46
44            android:exported="true"
44-->[com.google.firebase:firebase-auth:20.0.2] AndroidManifest.xml:30:13-36
45            android:launchMode="singleTask"
45-->[com.google.firebase:firebase-auth:20.0.2] AndroidManifest.xml:31:13-44
46            android:theme="@android:style/Theme.Translucent.NoTitleBar" >
46-->[com.google.firebase:firebase-auth:20.0.2] AndroidManifest.xml:32:13-72
47            <intent-filter>
47-->[com.google.firebase:firebase-auth:20.0.2] AndroidManifest.xml:33:13-43:29
48                <action android:name="android.intent.action.VIEW" />
48-->[com.google.firebase:firebase-auth:20.0.2] AndroidManifest.xml:34:17-69
48-->[com.google.firebase:firebase-auth:20.0.2] AndroidManifest.xml:34:25-66
49
50                <category android:name="android.intent.category.DEFAULT" />
50-->[com.google.firebase:firebase-auth:20.0.2] AndroidManifest.xml:36:17-76
50-->[com.google.firebase:firebase-auth:20.0.2] AndroidManifest.xml:36:27-73
51                <category android:name="android.intent.category.BROWSABLE" />
51-->[com.google.firebase:firebase-auth:20.0.2] AndroidManifest.xml:37:17-78
51-->[com.google.firebase:firebase-auth:20.0.2] AndroidManifest.xml:37:27-75
52
53                <data
53-->[com.google.firebase:firebase-auth:20.0.2] AndroidManifest.xml:39:17-42:51
54                    android:host="firebase.auth"
54-->[com.google.firebase:firebase-auth:20.0.2] AndroidManifest.xml:40:21-49
55                    android:path="/"
55-->[com.google.firebase:firebase-auth:20.0.2] AndroidManifest.xml:41:21-37
56                    android:scheme="genericidp" />
56-->[com.google.firebase:firebase-auth:20.0.2] AndroidManifest.xml:42:21-48
57            </intent-filter>
58        </activity>
59        <activity
59-->[com.google.firebase:firebase-auth:20.0.2] AndroidManifest.xml:45:9-62:20
60            android:name="com.google.firebase.auth.internal.RecaptchaActivity"
60-->[com.google.firebase:firebase-auth:20.0.2] AndroidManifest.xml:46:13-79
61            android:excludeFromRecents="true"
61-->[com.google.firebase:firebase-auth:20.0.2] AndroidManifest.xml:47:13-46
62            android:exported="true"
62-->[com.google.firebase:firebase-auth:20.0.2] AndroidManifest.xml:48:13-36
63            android:launchMode="singleTask"
63-->[com.google.firebase:firebase-auth:20.0.2] AndroidManifest.xml:49:13-44
64            android:theme="@android:style/Theme.Translucent.NoTitleBar" >
64-->[com.google.firebase:firebase-auth:20.0.2] AndroidManifest.xml:50:13-72
65            <intent-filter>
65-->[com.google.firebase:firebase-auth:20.0.2] AndroidManifest.xml:51:13-61:29
66                <action android:name="android.intent.action.VIEW" />
66-->[com.google.firebase:firebase-auth:20.0.2] AndroidManifest.xml:34:17-69
66-->[com.google.firebase:firebase-auth:20.0.2] AndroidManifest.xml:34:25-66
67
68                <category android:name="android.intent.category.DEFAULT" />
68-->[com.google.firebase:firebase-auth:20.0.2] AndroidManifest.xml:36:17-76
68-->[com.google.firebase:firebase-auth:20.0.2] AndroidManifest.xml:36:27-73
69                <category android:name="android.intent.category.BROWSABLE" />
69-->[com.google.firebase:firebase-auth:20.0.2] AndroidManifest.xml:37:17-78
69-->[com.google.firebase:firebase-auth:20.0.2] AndroidManifest.xml:37:27-75
70
71                <data
71-->[com.google.firebase:firebase-auth:20.0.2] AndroidManifest.xml:39:17-42:51
72                    android:host="firebase.auth"
72-->[com.google.firebase:firebase-auth:20.0.2] AndroidManifest.xml:40:21-49
73                    android:path="/"
73-->[com.google.firebase:firebase-auth:20.0.2] AndroidManifest.xml:41:21-37
74                    android:scheme="recaptcha" />
74-->[com.google.firebase:firebase-auth:20.0.2] AndroidManifest.xml:42:21-48
75            </intent-filter>
76        </activity>
77
78        <service
78-->[com.google.firebase:firebase-auth:20.0.2] AndroidManifest.xml:64:9-73:19
79            android:name="com.google.firebase.auth.api.fallback.service.FirebaseAuthFallbackService"
79-->[com.google.firebase:firebase-auth:20.0.2] AndroidManifest.xml:65:13-101
80            android:enabled="true"
80-->[com.google.firebase:firebase-auth:20.0.2] AndroidManifest.xml:66:13-35
81            android:exported="false" >
81-->[com.google.firebase:firebase-auth:20.0.2] AndroidManifest.xml:67:13-37
82            <intent-filter>
82-->[com.google.firebase:firebase-auth:20.0.2] AndroidManifest.xml:68:13-72:29
83                <action android:name="com.google.firebase.auth.api.gms.service.START" />
83-->[com.google.firebase:firebase-auth:20.0.2] AndroidManifest.xml:69:17-89
83-->[com.google.firebase:firebase-auth:20.0.2] AndroidManifest.xml:69:25-86
84
85                <category android:name="android.intent.category.DEFAULT" />
85-->[com.google.firebase:firebase-auth:20.0.2] AndroidManifest.xml:36:17-76
85-->[com.google.firebase:firebase-auth:20.0.2] AndroidManifest.xml:36:27-73
86            </intent-filter>
87        </service>
88        <service
88-->[com.google.firebase:firebase-auth:20.0.2] AndroidManifest.xml:74:9-80:19
89            android:name="com.google.firebase.components.ComponentDiscoveryService"
89-->[com.google.firebase:firebase-auth:20.0.2] AndroidManifest.xml:75:13-84
90            android:directBootAware="true"
90-->[com.google.firebase:firebase-common:19.5.0] AndroidManifest.xml:35:13-43
91            android:exported="false" >
91-->[com.google.firebase:firebase-auth:20.0.2] AndroidManifest.xml:76:13-37
92            <meta-data
92-->[com.google.firebase:firebase-auth:20.0.2] AndroidManifest.xml:77:13-79:85
93                android:name="com.google.firebase.components:com.google.firebase.auth.FirebaseAuthRegistrar"
93-->[com.google.firebase:firebase-auth:20.0.2] AndroidManifest.xml:78:17-109
94                android:value="com.google.firebase.components.ComponentRegistrar" />
94-->[com.google.firebase:firebase-auth:20.0.2] AndroidManifest.xml:79:17-82
95            <meta-data
95-->[com.google.firebase:firebase-storage:19.2.1] AndroidManifest.xml:33:13-35:85
96                android:name="com.google.firebase.components:com.google.firebase.storage.StorageRegistrar"
96-->[com.google.firebase:firebase-storage:19.2.1] AndroidManifest.xml:34:17-107
97                android:value="com.google.firebase.components.ComponentRegistrar" />
97-->[com.google.firebase:firebase-storage:19.2.1] AndroidManifest.xml:35:17-82
98            <meta-data
98-->[com.google.firebase:firebase-database:19.6.0] AndroidManifest.xml:32:13-34:85
99                android:name="com.google.firebase.components:com.google.firebase.database.DatabaseRegistrar"
99-->[com.google.firebase:firebase-database:19.6.0] AndroidManifest.xml:33:17-109
100                android:value="com.google.firebase.components.ComponentRegistrar" />
100-->[com.google.firebase:firebase-database:19.6.0] AndroidManifest.xml:34:17-82
101            <meta-data
101-->[com.google.android.gms:play-services-measurement-api:18.0.2] AndroidManifest.xml:30:13-32:85
102                android:name="com.google.firebase.components:com.google.firebase.analytics.connector.internal.AnalyticsConnectorRegistrar"
102-->[com.google.android.gms:play-services-measurement-api:18.0.2] AndroidManifest.xml:31:17-139
103                android:value="com.google.firebase.components.ComponentRegistrar" />
103-->[com.google.android.gms:play-services-measurement-api:18.0.2] AndroidManifest.xml:32:17-82
104            <meta-data
104-->[com.google.firebase:firebase-installations:16.3.2] AndroidManifest.xml:17:13-19:85
105                android:name="com.google.firebase.components:com.google.firebase.installations.FirebaseInstallationsRegistrar"
105-->[com.google.firebase:firebase-installations:16.3.2] AndroidManifest.xml:18:17-127
106                android:value="com.google.firebase.components.ComponentRegistrar" />
106-->[com.google.firebase:firebase-installations:16.3.2] AndroidManifest.xml:19:17-82
107            <!--
108                This registrar is not defined in the dynamic-module-support sdk itself to allow non-firebase
109                clients to use it as well, by defining this registrar in their own core/common library.
110            -->
111            <meta-data
111-->[com.google.firebase:firebase-common:19.5.0] AndroidManifest.xml:43:13-45:85
112                android:name="com.google.firebase.components:com.google.firebase.dynamicloading.DynamicLoadingRegistrar"
112-->[com.google.firebase:firebase-common:19.5.0] AndroidManifest.xml:44:17-121
113                android:value="com.google.firebase.components.ComponentRegistrar" />
113-->[com.google.firebase:firebase-common:19.5.0] AndroidManifest.xml:45:17-82
114        </service>
115
116        <provider
116-->[com.squareup.picasso:picasso:2.71828] AndroidManifest.xml:8:9-11:40
117            android:name="com.squareup.picasso.PicassoProvider"
117-->[com.squareup.picasso:picasso:2.71828] AndroidManifest.xml:9:13-64
118            android:authorities="com.example.shaki.newlogin.com.squareup.picasso"
118-->[com.squareup.picasso:picasso:2.71828] AndroidManifest.xml:10:13-72
119            android:exported="false" />
119-->[com.squareup.picasso:picasso:2.71828] AndroidManifest.xml:11:13-37
120
121        <activity
121-->[com.google.android.gms:play-services-base:17.1.0] AndroidManifest.xml:23:9-26:75
122            android:name="com.google.android.gms.common.api.GoogleApiActivity"
122-->[com.google.android.gms:play-services-base:17.1.0] AndroidManifest.xml:24:13-79
123            android:exported="false"
123-->[com.google.android.gms:play-services-base:17.1.0] AndroidManifest.xml:25:13-37
124            android:theme="@android:style/Theme.Translucent.NoTitleBar" />
124-->[com.google.android.gms:play-services-base:17.1.0] AndroidManifest.xml:26:13-72
125
126        <provider
126-->[com.google.firebase:firebase-common:19.5.0] AndroidManifest.xml:26:9-31:39
127            android:name="com.google.firebase.provider.FirebaseInitProvider"
127-->[com.google.firebase:firebase-common:19.5.0] AndroidManifest.xml:27:13-77
128            android:authorities="com.example.shaki.newlogin.firebaseinitprovider"
128-->[com.google.firebase:firebase-common:19.5.0] AndroidManifest.xml:28:13-72
129            android:directBootAware="true"
129-->[com.google.firebase:firebase-common:19.5.0] AndroidManifest.xml:29:13-43
130            android:exported="false"
130-->[com.google.firebase:firebase-common:19.5.0] AndroidManifest.xml:30:13-37
131            android:initOrder="100" />
131-->[com.google.firebase:firebase-common:19.5.0] AndroidManifest.xml:31:13-36
132
133        <receiver
133-->[com.google.android.gms:play-services-measurement:18.0.2] AndroidManifest.xml:29:9-33:20
134            android:name="com.google.android.gms.measurement.AppMeasurementReceiver"
134-->[com.google.android.gms:play-services-measurement:18.0.2] AndroidManifest.xml:30:13-85
135            android:enabled="true"
135-->[com.google.android.gms:play-services-measurement:18.0.2] AndroidManifest.xml:31:13-35
136            android:exported="false" >
136-->[com.google.android.gms:play-services-measurement:18.0.2] AndroidManifest.xml:32:13-37
137        </receiver>
138
139        <service
139-->[com.google.android.gms:play-services-measurement:18.0.2] AndroidManifest.xml:35:9-38:40
140            android:name="com.google.android.gms.measurement.AppMeasurementService"
140-->[com.google.android.gms:play-services-measurement:18.0.2] AndroidManifest.xml:36:13-84
141            android:enabled="true"
141-->[com.google.android.gms:play-services-measurement:18.0.2] AndroidManifest.xml:37:13-35
142            android:exported="false" />
142-->[com.google.android.gms:play-services-measurement:18.0.2] AndroidManifest.xml:38:13-37
143        <service
143-->[com.google.android.gms:play-services-measurement:18.0.2] AndroidManifest.xml:39:9-43:72
144            android:name="com.google.android.gms.measurement.AppMeasurementJobService"
144-->[com.google.android.gms:play-services-measurement:18.0.2] AndroidManifest.xml:40:13-87
145            android:enabled="true"
145-->[com.google.android.gms:play-services-measurement:18.0.2] AndroidManifest.xml:41:13-35
146            android:exported="false"
146-->[com.google.android.gms:play-services-measurement:18.0.2] AndroidManifest.xml:42:13-37
147            android:permission="android.permission.BIND_JOB_SERVICE" />
147-->[com.google.android.gms:play-services-measurement:18.0.2] AndroidManifest.xml:43:13-69
148
149        <meta-data
149-->[com.google.android.gms:play-services-basement:17.1.0] AndroidManifest.xml:23:9-25:69
150            android:name="com.google.android.gms.version"
150-->[com.google.android.gms:play-services-basement:17.1.0] AndroidManifest.xml:24:13-58
151            android:value="@integer/google_play_services_version" />
151-->[com.google.android.gms:play-services-basement:17.1.0] AndroidManifest.xml:25:13-66
152    </application>
153
154</manifest>